Arguments: 
  /Users/huanghao/.nvm/versions/node/v6.11.0/bin/node /usr/local/Cellar/yarn/1.6.0/libexec/bin/yarn.js install

PATH: 
  /Users/huanghao/.pyenv/shims:/Users/huanghao/.nvm/versions/node/v6.11.0/bin:/usr/local/bin:/usr/bin:/bin:/usr/sbin:/sbin:/Users/huanghao/.pyenv/shims

Yarn version: 
  1.6.0

Node version: 
  6.11.0

Platform: 
  darwin x64

Trace: 
  Error: https://registry.yarnpkg.com/xlsx: ETIMEDOUT
      at Timeout._onTimeout (/usr/local/Cellar/yarn/1.6.0/libexec/lib/cli.js:133819:19)
      at ontimeout (timers.js:386:14)
      at tryOnTimeout (timers.js:250:5)
      at Timer.listOnTimeout (timers.js:214:5)

npm manifest: 
  {
    "name": "readdata",
    "version": "1.0.0",
    "description": "读取Excel",
    "main": "index.js",
    "scripts": {
      "test": "echo \"Error: no test specified\" && exit 1"
    },
    "dependencies": {
      "xlsx": "^0.12.10"
    },
    "author": "Hluk",
    "license": "ISC"
  }

yarn manifest: 
  No manifest

Lockfile: 
  No lockfile
